<?xml version="1.0" encoding="UTF-8"?>
<!-- Generated by org.testng.reporters.JUnitXMLReporter -->
<testsuite ignored="0" hostname="LAPTOP-FG7JISOD" failures="0" tests="1" name="FirefoxTest" time="0.078" errors="0" timestamp="2023-04-04T11:18:19 IST">
  <testcase classname="sel.Launchbrowser" name="@BeforeTest getdriver" time="-1.680587299475E9">
    <failure type="org.testng.TestNGException" message="
Parameter &amp;apos;browser&amp;apos; is required by BeforeTest on method getdriver but has not been marked @Optional or defined
in C:\Users\yokesh\eclipse-workspace\sel\testng.xml">
      <![CDATA[org.testng.TestNGException: 
Parameter 'browser' is required by BeforeTest on method getdriver but has not been marked @Optional or defined
in C:\Users\yokesh\eclipse-workspace\sel\testng.xml
... Removed 21 stack frames]]>
    </failure>
  </testcase> <!-- @BeforeTest getdriver -->
  <testcase classname="sel.Launchbrowser" name="test" time="0.0">
    <skipped/>
  </testcase> <!-- test -->
</testsuite> <!-- FirefoxTest -->
